빌드 시작: 2016-10-31 오후 9:09:38
     1>2 노드의 "C:\Users\Ju\Desktop\NetworkGamePrograming-master\NetworkGamePrograming-master\Win32Project1\Win32Project1.vcxproj" 프로젝트(Build 대상)입니다.
     1>ClCompile:
         C:\Program Files (x86)\Microsoft Visual Studio 14.0\VC\bin\CL.exe /c /ZI /nologo /W3 /WX- /sdl /Od /Oy- /D WIN32 /D _DEBUG /D _WINDOWS /D _UNICODE /D UNICODE /Gm /EHsc /RTC1 /MDd /GS /fp:precise /Zc:wchar_t /Zc:forScope /Zc:inline /Fo"Debug\\" /Fd"Debug\vc140.pdb" /Gd /TP /analyze- /errorReport:prompt MainGame.cpp Win32Project1.cpp
         MainGame.cpp
         코드를 생성하고 있습니다...
         건너뛰고 있습니다... (관련된 변경 내용 없음)
         Win32Project1.cpp
         C:\Program Files (x86)\Microsoft Visual Studio 14.0\VC\bin\CL.exe /c /ZI /nologo /W3 /WX- /sdl /Od /Oy- /D WIN32 /D _DEBUG /D _WINDOWS /D _UNICODE /D UNICODE /Gm /EHsc /RTC1 /MDd /GS /fp:precise /Zc:wchar_t /Zc:forScope /Zc:inline /Fo"Debug\\" /Fd"Debug\vc140.pdb" /Gd /TP /analyze- /errorReport:prompt Collision.cpp
         Collision.cpp
       Link:
         C:\Program Files (x86)\Microsoft Visual Studio 14.0\VC\bin\link.exe /ERRORREPORT:PROMPT /OUT:"C:\Users\Ju\Desktop\NetworkGamePrograming-master\NetworkGamePrograming-master\Debug\Win32Project1.exe" /INCREMENTAL /NOLOGO kernel32.lib user32.lib gdi32.lib winspool.lib comdlg32.lib advapi32.lib shell32.lib ole32.lib oleaut32.lib uuid.lib odbc32.lib odbccp32.lib /MANIFEST /MANIFESTUAC:"level='asInvoker' uiAccess='false'" /manifest:embed /Debug /PDB:"C:\Users\Ju\Desktop\NetworkGamePrograming-master\NetworkGamePrograming-master\Debug\Win32Project1.pdb" /SUBSYSTEM:WINDOWS /TLBID:1 /DYNAMICBASE /NXCOMPAT /IMPLIB:"C:\Users\Ju\Desktop\NetworkGamePrograming-master\NetworkGamePrograming-master\Debug\Win32Project1.lib" /MACHINE:X86 Debug\Win32Project1.res
         Debug\Ball.obj
         Debug\DoubleBuffering.obj
         Debug\MainGame.obj
         Debug\Obj.obj
         Debug\Player.obj
         Debug\stdafx.obj
         Debug\Vector2.obj
         Debug\Win32Project1.obj
         Debug\Collision.obj
         Win32Project1.vcxproj -> C:\Users\Ju\Desktop\NetworkGamePrograming-master\NetworkGamePrograming-master\Debug\Win32Project1.exe
     1>"C:\Users\Ju\Desktop\NetworkGamePrograming-master\NetworkGamePrograming-master\Win32Project1\Win32Project1.vcxproj" 프로젝트를 빌드했습니다(Build 대상).

빌드했습니다.

경과 시간: 00:00:01.78
